2018-07-25 00:18:58.055  INFO 6056 --- [main] c.i.e.ElektronskiDnevnikApplication      : Starting ElektronskiDnevnikApplication on PAPO-PC with PID 6056 (started by PAPO in D:\Program Files\SPRING\SPRING\elektronski_dnevnik)
2018-07-25 00:18:58.068  INFO 6056 --- [main] c.i.e.ElektronskiDnevnikApplication      : No active profile set, falling back to default profiles: default
2018-07-25 00:18:58.525  INFO 6056 --- [main] ConfigServletWebServerApplicationContext : Refreshing org.springframework.boot.web.servlet.context.AnnotationConfigServletWebServerApplicationContext@6c64cb25: startup date [Wed Jul 25 00:18:58 CEST 2018]; root of context hierarchy
2018-07-25 00:19:26.139  INFO 6056 --- [main] trationDelegate$BeanPostProcessorChecker : Bean 'org.springframework.transaction.annotation.ProxyTransactionManagementConfiguration' of type [org.springframework.transaction.annotation.ProxyTransactionManagementConfiguration$$EnhancerBySpringCGLIB$$dae1684c] is not eligible for getting processed by all BeanPostProcessors (for example: not eligible for auto-proxying)
2018-07-25 00:19:26.537  INFO 6056 --- [main] trationDelegate$BeanPostProcessorChecker : Bean 'org.springframework.security.config.annotation.configuration.ObjectPostProcessorConfiguration' of type [org.springframework.security.config.annotation.configuration.ObjectPostProcessorConfiguration$$EnhancerBySpringCGLIB$$738f3086] is not eligible for getting processed by all BeanPostProcessors (for example: not eligible for auto-proxying)
2018-07-25 00:19:26.548  INFO 6056 --- [main] trationDelegate$BeanPostProcessorChecker : Bean 'objectPostProcessor' of type [org.springframework.security.config.annotation.configuration.AutowireBeanFactoryObjectPostProcessor] is not eligible for getting processed by all BeanPostProcessors (for example: not eligible for auto-proxying)
2018-07-25 00:19:26.554  INFO 6056 --- [main] trationDelegate$BeanPostProcessorChecker : Bean 'org.springframework.security.access.expression.method.DefaultMethodSecurityExpressionHandler@5f8890c2' of type [org.springframework.security.access.expression.method.DefaultMethodSecurityExpressionHandler] is not eligible for getting processed by all BeanPostProcessors (for example: not eligible for auto-proxying)
2018-07-25 00:19:26.565  INFO 6056 --- [main] trationDelegate$BeanPostProcessorChecker : Bean 'org.springframework.security.config.annotation.method.configuration.GlobalMethodSecurityConfiguration' of type [org.springframework.security.config.annotation.method.configuration.GlobalMethodSecurityConfiguration$$EnhancerBySpringCGLIB$$9863d338] is not eligible for getting processed by all BeanPostProcessors (for example: not eligible for auto-proxying)
2018-07-25 00:19:26.594  INFO 6056 --- [main] trationDelegate$BeanPostProcessorChecker : Bean 'methodSecurityMetadataSource' of type [org.springframework.security.access.method.DelegatingMethodSecurityMetadataSource] is not eligible for getting processed by all BeanPostProcessors (for example: not eligible for auto-proxying)
2018-07-25 00:19:28.312  INFO 6056 --- [main] o.s.b.w.embedded.tomcat.TomcatWebServer  : Tomcat initialized with port(s): 8090 (http)
2018-07-25 00:19:28.506  INFO 6056 --- [main] o.apache.catalina.core.StandardService   : Starting service [Tomcat]
2018-07-25 00:19:28.507  INFO 6056 --- [main] org.apache.catalina.core.StandardEngine  : Starting Servlet Engine: Apache Tomcat/8.5.31
2018-07-25 00:19:28.544  INFO 6056 --- [localhost-startStop-1] o.a.catalina.core.AprLifecycleListener   : The APR based Apache Tomcat Native library which allows optimal performance in production environments was not found on the java.library.path: [C:\Program Files\Java\jre1.8.0_162\bin;C:\Windows\Sun\Java\bin;C:\Windows\system32;C:\Windows;C:/Program Files/Java/jdk1.8.0_162/bin/../jre/bin/server;C:/Program Files/Java/jdk1.8.0_162/bin/../jre/bin;C:/Program Files/Java/jdk1.8.0_162/bin/../jre/lib/amd64;D:\Program Files\MAVEN\apache-maven-3.5.0-bin\apache-maven-3.5.0\bin;C:\Program Files\Java\jdk1.8.0_162\bin;C:\Users\PAPO\AppData\Roaming\nvm;C:\Program Files\nodejs;D:\Microsoft VS Code\bin;D:\Program Files\Git\cmd;C:\Program Files\Intel\WiFi\bin\;C:\Program Files\Common Files\Intel\WirelessCommon\;C:\Users\PAPO\AppData\Local\atom\bin;C:\Users\PAPO\AppData\Roaming\nvm;C:\Program Files\nodejs;D:\Program Files\SPRING\spring-tool-suite-3.8.4.RELEASE-e4.6.3-win32-x86_64\sts-bundle\sts-3.8.4.RELEASE;;.]
2018-07-25 00:19:29.742  INFO 6056 --- [localhost-startStop-1] o.a.c.c.C.[Tomcat].[localhost].[/]       : Initializing Spring embedded WebApplicationContext
2018-07-25 00:19:29.743  INFO 6056 --- [localhost-startStop-1] o.s.web.context.ContextLoader            : Root WebApplicationContext: initialization completed in 31218 ms
2018-07-25 00:19:30.523  INFO 6056 --- [localhost-startStop-1] o.s.b.w.servlet.FilterRegistrationBean   : Mapping filter: 'characterEncodingFilter' to: [/*]
2018-07-25 00:19:30.524  INFO 6056 --- [localhost-startStop-1] o.s.b.w.servlet.FilterRegistrationBean   : Mapping filter: 'hiddenHttpMethodFilter' to: [/*]
2018-07-25 00:19:30.524  INFO 6056 --- [localhost-startStop-1] o.s.b.w.servlet.FilterRegistrationBean   : Mapping filter: 'httpPutFormContentFilter' to: [/*]
2018-07-25 00:19:30.524  INFO 6056 --- [localhost-startStop-1] o.s.b.w.servlet.FilterRegistrationBean   : Mapping filter: 'requestContextFilter' to: [/*]
2018-07-25 00:19:30.525  INFO 6056 --- [localhost-startStop-1] .s.DelegatingFilterProxyRegistrationBean : Mapping filter: 'springSecurityFilterChain' to: [/*]
2018-07-25 00:19:30.525  INFO 6056 --- [localhost-startStop-1] o.s.b.w.servlet.ServletRegistrationBean  : Servlet dispatcherServlet mapped to [/]
2018-07-25 00:19:37.669  INFO 6056 --- [main] com.zaxxer.hikari.HikariDataSource       : HikariPool-1 - Starting...
2018-07-25 00:19:37.751  WARN 6056 --- [main] com.zaxxer.hikari.util.DriverDataSource  : Registered driver with driverClassName=com.mysql.jdbc.Driver was not found, trying direct instantiation.
2018-07-25 00:19:41.897  INFO 6056 --- [main] com.zaxxer.hikari.HikariDataSource       : HikariPool-1 - Start completed.
2018-07-25 00:19:42.274  INFO 6056 --- [main] j.LocalContainerEntityManagerFactoryBean : Building JPA container EntityManagerFactory for persistence unit 'default'
2018-07-25 00:19:55.588  INFO 6056 --- [main] j.LocalContainerEntityManagerFactoryBean : Initialized JPA EntityManagerFactory for persistence unit 'default'
2018-07-25 00:19:59.168  INFO 6056 --- [main] o.s.w.s.handler.SimpleUrlHandlerMapping  : Mapped URL path [/**/favicon.ico] onto handler of type [class org.springframework.web.servlet.resource.ResourceHttpRequestHandler]
2018-07-25 00:19:59.202  WARN 6056 --- [main] aWebConfiguration$JpaWebMvcConfiguration : spring.jpa.open-in-view is enabled by default. Therefore, database queries may be performed during view rendering. Explicitly configure spring.jpa.open-in-view to disable this warning
2018-07-25 00:19:59.363  INFO 6056 --- [main] s.w.s.m.m.a.RequestMappingHandlerMapping : Mapped "{[/API/V1/admin],methods=[POST]}" onto public org.springframework.http.ResponseEntity<?> com.iktpreobuka.elektronskidnevnik.controllers.AdminController.dodatiAdmina(com.iktpreobuka.elektronskidnevnik.entities.AdminEntity,org.springframework.validation.BindingResult)
2018-07-25 00:19:59.369  INFO 6056 --- [main] s.w.s.m.m.a.RequestMappingHandlerMapping : Mapped "{[/API/V1/admin],methods=[GET]}" onto public org.springframework.http.ResponseEntity<?> com.iktpreobuka.elektronskidnevnik.controllers.AdminController.prikazatiAdmine()
2018-07-25 00:19:59.372  INFO 6056 --- [main] s.w.s.m.m.a.RequestMappingHandlerMapping : Mapped "{[/API/V1/admin/logs/{fileName:.+}]}" onto public void com.iktpreobuka.elektronskidnevnik.controllers.AdminController.downloader(javax.servlet.http.HttpServletRequest,javax.servlet.http.HttpServletResponse,java.lang.String)
2018-07-25 00:19:59.381  INFO 6056 --- [main] s.w.s.m.m.a.RequestMappingHandlerMapping : Mapped "{[/API/V1/auth/login],methods=[POST]}" onto public org.springframework.http.ResponseEntity<java.lang.Object> com.iktpreobuka.elektronskidnevnik.controllers.AuthController.login()
2018-07-25 00:19:59.400  INFO 6056 --- [main] s.w.s.m.m.a.RequestMappingHandlerMapping : Mapped "{[/API/V1/nastavnik/ime/{imeNastavnika}/prezime/{prezimeNastavnika}],methods=[GET]}" onto public org.springframework.http.ResponseEntity<?> com.iktpreobuka.elektronskidnevnik.controllers.NastavnikController.pronaciNastavnikaPremaImenuIPrezimenu(java.lang.String,java.lang.String)
2018-07-25 00:19:59.404  INFO 6056 --- [main] s.w.s.m.m.a.RequestMappingHandlerMapping : Mapped "{[/API/V1/nastavnik/odeljenja-predmeti/{idNastavnika}],methods=[GET]}" onto public org.springframework.http.ResponseEntity<?> com.iktpreobuka.elektronskidnevnik.controllers.NastavnikController.pronaciOdeljenjaIPredmeteNastavnik(java.lang.Integer)
2018-07-25 00:19:59.405  INFO 6056 --- [main] s.w.s.m.m.a.RequestMappingHandlerMapping : Mapped "{[/API/V1/nastavnik/{idNastavnika}],methods=[PUT]}" onto public org.springframework.http.ResponseEntity<?> com.iktpreobuka.elektronskidnevnik.controllers.NastavnikController.izmenitiNastavnika(com.iktpreobuka.elektronskidnevnik.entities.NastavnikEntity,java.lang.Integer,org.springframework.validation.BindingResult)
2018-07-25 00:19:59.408  INFO 6056 --- [main] s.w.s.m.m.a.RequestMappingHandlerMapping : Mapped "{[/API/V1/nastavnik/{idNastavnika}],methods=[DELETE]}" onto public org.springframework.http.ResponseEntity<?> com.iktpreobuka.elektronskidnevnik.controllers.NastavnikController.izbrisatiNastavnika(java.lang.Integer)
2018-07-25 00:19:59.411  INFO 6056 --- [main] s.w.s.m.m.a.RequestMappingHandlerMapping : Mapped "{[/API/V1/nastavnik/{idNastavnika}],methods=[GET]}" onto public org.springframework.http.ResponseEntity<?> com.iktpreobuka.elektronskidnevnik.controllers.NastavnikController.pronaciNastavnika(java.lang.Integer)
2018-07-25 00:19:59.415  INFO 6056 --- [main] s.w.s.m.m.a.RequestMappingHandlerMapping : Mapped "{[/API/V1/nastavnik],methods=[GET]}" onto public org.springframework.http.ResponseEntity<?> com.iktpreobuka.elektronskidnevnik.controllers.NastavnikController.prikazatiNastavnike()
2018-07-25 00:19:59.416  INFO 6056 --- [main] s.w.s.m.m.a.RequestMappingHandlerMapping : Mapped "{[/API/V1/nastavnik/nastavnici-odeljenja/{idOdeljenja}],methods=[GET]}" onto public org.springframework.http.ResponseEntity<?> com.iktpreobuka.elektronskidnevnik.controllers.NastavnikController.pronaciNastavnikeOdeljenja(java.lang.Integer)
2018-07-25 00:19:59.417  INFO 6056 --- [main] s.w.s.m.m.a.RequestMappingHandlerMapping : Mapped "{[/API/V1/nastavnik],methods=[POST]}" onto public org.springframework.http.ResponseEntity<?> com.iktpreobuka.elektronskidnevnik.controllers.NastavnikController.dodatiNastavnika(com.iktpreobuka.elektronskidnevnik.entities.NastavnikEntity,org.springframework.validation.BindingResult)
2018-07-25 00:19:59.428  INFO 6056 --- [main] s.w.s.m.m.a.RequestMappingHandlerMapping : Mapped "{[/API/V1/ocena/ucenik/{idUcenika}],methods=[GET]}" onto public org.springframework.http.ResponseEntity<?> com.iktpreobuka.elektronskidnevnik.controllers.OcenaController.pronaciOceneUcenika(java.lang.Integer)
2018-07-25 00:19:59.429  INFO 6056 --- [main] s.w.s.m.m.a.RequestMappingHandlerMapping : Mapped "{[/API/V1/ocena/ocene-ucenika/{idOdeljenjePredmetNastavnik}],methods=[GET]}" onto public org.springframework.http.ResponseEntity<?> com.iktpreobuka.elektronskidnevnik.controllers.OcenaController.pronaciOceneUcenikaPredmeta(java.lang.Integer)
2018-07-25 00:19:59.431  INFO 6056 --- [main] s.w.s.m.m.a.RequestMappingHandlerMapping : Mapped "{[/API/V1/ocena/ucenik/{idUcenika}/odeljenjePredmetNastavnik/{idOdeljenjePredmetNastavnik}],methods=[POST]}" onto public org.springframework.http.ResponseEntity<?> com.iktpreobuka.elektronskidnevnik.controllers.OcenaController.dodatiOcenu(com.iktpreobuka.elektronskidnevnik.entities.OcenaEntity,java.lang.Integer,java.lang.Integer,org.springframework.validation.BindingResult) throws java.lang.Exception
2018-07-25 00:19:59.432  INFO 6056 --- [main] s.w.s.m.m.a.RequestMappingHandlerMapping : Mapped "{[/API/V1/ocena/{idOcene}],methods=[PUT]}" onto private org.springframework.http.ResponseEntity<?> com.iktpreobuka.elektronskidnevnik.controllers.OcenaController.izmenitiOcenu(com.iktpreobuka.elektronskidnevnik.entities.OcenaEntity,java.lang.Integer,org.springframework.validation.BindingResult)
2018-07-25 00:19:59.436  INFO 6056 --- [main] s.w.s.m.m.a.RequestMappingHandlerMapping : Mapped "{[/API/V1/ocena/{idOcene}],methods=[DELETE]}" onto public org.springframework.http.ResponseEntity<?> com.iktpreobuka.elektronskidnevnik.controllers.OcenaController.brisatiOcenu(java.lang.Integer)
2018-07-25 00:19:59.437  INFO 6056 --- [main] s.w.s.m.m.a.RequestMappingHandlerMapping : Mapped "{[/API/V1/ocena/{idOcene}],methods=[GET]}" onto public org.springframework.http.ResponseEntity<?> com.iktpreobuka.elektronskidnevnik.controllers.OcenaController.pronaciOcenu(java.lang.Integer)
2018-07-25 00:19:59.438  INFO 6056 --- [main] s.w.s.m.m.a.RequestMappingHandlerMapping : Mapped "{[/API/V1/ocena],methods=[GET]}" onto public org.springframework.http.ResponseEntity<?> com.iktpreobuka.elektronskidnevnik.controllers.OcenaController.prikazatiOcene()
2018-07-25 00:19:59.441  INFO 6056 --- [main] s.w.s.m.m.a.RequestMappingHandlerMapping : Mapped "{[/API/V1/odeljenje/{idOdeljenja}],methods=[PUT]}" onto public org.springframework.http.ResponseEntity<?> com.iktpreobuka.elektronskidnevnik.controllers.OdeljenjeController.izmenitiOdeljenje(com.iktpreobuka.elektronskidnevnik.entities.OdeljenjeEntity,java.lang.Integer,org.springframework.validation.BindingResult)
2018-07-25 00:19:59.443  INFO 6056 --- [main] s.w.s.m.m.a.RequestMappingHandlerMapping : Mapped "{[/API/V1/odeljenje/{idOdeljenja}],methods=[DELETE]}" onto public org.springframework.http.ResponseEntity<?> com.iktpreobuka.elektronskidnevnik.controllers.OdeljenjeController.izbrisatiOdeljenje(java.lang.Integer)
2018-07-25 00:19:59.444  INFO 6056 --- [main] s.w.s.m.m.a.RequestMappingHandlerMapping : Mapped "{[/API/V1/odeljenje],methods=[GET]}" onto public org.springframework.http.ResponseEntity<?> com.iktpreobuka.elektronskidnevnik.controllers.OdeljenjeController.prikazatiOdeljenja()
2018-07-25 00:19:59.446  INFO 6056 --- [main] s.w.s.m.m.a.RequestMappingHandlerMapping : Mapped "{[/API/V1/odeljenje/{idOdeljenja}],methods=[GET]}" onto public org.springframework.http.ResponseEntity<?> com.iktpreobuka.elektronskidnevnik.controllers.OdeljenjeController.pronaciOdeljenje(java.lang.Integer)
2018-07-25 00:19:59.447  INFO 6056 --- [main] s.w.s.m.m.a.RequestMappingHandlerMapping : Mapped "{[/API/V1/odeljenje],methods=[POST]}" onto public org.springframework.http.ResponseEntity<?> com.iktpreobuka.elektronskidnevnik.controllers.OdeljenjeController.dodatiOdeljenje(com.iktpreobuka.elektronskidnevnik.entities.OdeljenjeEntity,org.springframework.validation.BindingResult)
2018-07-25 00:19:59.450  INFO 6056 --- [main] s.w.s.m.m.a.RequestMappingHandlerMapping : Mapped "{[/API/V1/odeljenje-predmet-nastavnik/{idOdeljenjePredmetNastavnik}],methods=[DELETE]}" onto public org.springframework.http.ResponseEntity<?> com.iktpreobuka.elektronskidnevnik.controllers.OdeljenjePredmetNastavnikController.obrisatiOdeljenjePredmetNastavnik(java.lang.Integer)
2018-07-25 00:19:59.451  INFO 6056 --- [main] s.w.s.m.m.a.RequestMappingHandlerMapping : Mapped "{[/API/V1/odeljenje-predmet-nastavnik],methods=[GET]}" onto public org.springframework.http.ResponseEntity<?> com.iktpreobuka.elektronskidnevnik.controllers.OdeljenjePredmetNastavnikController.prikazatiOdeljenjePredmetNastavnik()
2018-07-25 00:19:59.454  INFO 6056 --- [main] s.w.s.m.m.a.RequestMappingHandlerMapping : Mapped "{[/API/V1/odeljenje-predmet-nastavnik/nastavnici-predmeti/{idOdeljenja}],methods=[GET]}" onto public org.springframework.http.ResponseEntity<?> com.iktpreobuka.elektronskidnevnik.controllers.OdeljenjePredmetNastavnikController.pronaciNastavnikeOdeljenja(java.lang.Integer)
2018-07-25 00:19:59.458  INFO 6056 --- [main] s.w.s.m.m.a.RequestMappingHandlerMapping : Mapped "{[/API/V1/odeljenje-predmet-nastavnik/odeljenje/{idOdeljenja}/predmet/{idPredmeta}/nastavnik/{idNastavnika}],methods=[POST]}" onto public org.springframework.http.ResponseEntity<?> com.iktpreobuka.elektronskidnevnik.controllers.OdeljenjePredmetNastavnikController.dodatiOdeljenjaPredmetNastavnik(java.lang.Integer,java.lang.Integer,java.lang.Integer)
2018-07-25 00:19:59.459  INFO 6056 --- [main] s.w.s.m.m.a.RequestMappingHandlerMapping : Mapped "{[/API/V1/odeljenje-predmet-nastavnik/{idOdeljenjePredmetNastavnik}],methods=[GET]}" onto public org.springframework.http.ResponseEntity<?> com.iktpreobuka.elektronskidnevnik.controllers.OdeljenjePredmetNastavnikController.pronaciOdeljenjePredmetNastavnik(java.lang.Integer)
2018-07-25 00:19:59.460  INFO 6056 --- [main] s.w.s.m.m.a.RequestMappingHandlerMapping : Mapped "{[/API/V1/odeljenje-predmet-nastavnik/{idOdeljenjePredmetNastavnik}/odeljenje/{idOdeljenja}],methods=[PUT]}" onto public org.springframework.http.ResponseEntity<?> com.iktpreobuka.elektronskidnevnik.controllers.OdeljenjePredmetNastavnikController.izmenitiOdeljenjeVezi(java.lang.Integer,java.lang.Integer)
2018-07-25 00:19:59.461  INFO 6056 --- [main] s.w.s.m.m.a.RequestMappingHandlerMapping : Mapped "{[/API/V1/odeljenje-predmet-nastavnik/{idOdeljenjePredmetNastavnik}/predmet/{idPredmeta}],methods=[PUT]}" onto public org.springframework.http.ResponseEntity<?> com.iktpreobuka.elektronskidnevnik.controllers.OdeljenjePredmetNastavnikController.izmenitiPredmetVezi(java.lang.Integer,java.lang.Integer)
2018-07-25 00:19:59.462  INFO 6056 --- [main] s.w.s.m.m.a.RequestMappingHandlerMapping : Mapped "{[/API/V1/odeljenje-predmet-nastavnik/{idOdeljenjePredmetNastavnik}/nastavnik/{idNastavnika}],methods=[PUT]}" onto public org.springframework.http.ResponseEntity<?> com.iktpreobuka.elektronskidnevnik.controllers.OdeljenjePredmetNastavnikController.izmenitiNastavnikaVezi(java.lang.Integer,java.lang.Integer)
2018-07-25 00:19:59.472  INFO 6056 --- [main] s.w.s.m.m.a.RequestMappingHandlerMapping : Mapped "{[/API/V1/predmet],methods=[GET]}" onto public org.springframework.http.ResponseEntity<?> com.iktpreobuka.elektronskidnevnik.controllers.PredmetController.prikazatiPredmete()
2018-07-25 00:19:59.473  INFO 6056 --- [main] s.w.s.m.m.a.RequestMappingHandlerMapping : Mapped "{[/API/V1/predmet/predmeti-odeljenja/{idOdeljenja}],methods=[GET]}" onto public org.springframework.http.ResponseEntity<?> com.iktpreobuka.elektronskidnevnik.controllers.PredmetController.pronaciPredmeteOdeljenja(java.lang.Integer)
2018-07-25 00:19:59.474  INFO 6056 --- [main] s.w.s.m.m.a.RequestMappingHandlerMapping : Mapped "{[/API/V1/predmet/{idPredmeta}],methods=[PUT]}" onto public org.springframework.http.ResponseEntity<?> com.iktpreobuka.elektronskidnevnik.controllers.PredmetController.izmenitiPredmet(com.iktpreobuka.elektronskidnevnik.entities.PredmetEntity,java.lang.Integer,org.springframework.validation.BindingResult)
2018-07-25 00:19:59.475  INFO 6056 --- [main] s.w.s.m.m.a.RequestMappingHandlerMapping : Mapped "{[/API/V1/predmet/{idPredmeta}],methods=[DELETE]}" onto public org.springframework.http.ResponseEntity<?> com.iktpreobuka.elektronskidnevnik.controllers.PredmetController.izbrisatiPredmet(java.lang.Integer)
2018-07-25 00:19:59.478  INFO 6056 --- [main] s.w.s.m.m.a.RequestMappingHandlerMapping : Mapped "{[/API/V1/predmet],methods=[POST]}" onto public org.springframework.http.ResponseEntity<?> com.iktpreobuka.elektronskidnevnik.controllers.PredmetController.dodatiPredmet(com.iktpreobuka.elektronskidnevnik.entities.PredmetEntity,org.springframework.validation.BindingResult)
2018-07-25 00:19:59.479  INFO 6056 --- [main] s.w.s.m.m.a.RequestMappingHandlerMapping : Mapped "{[/API/V1/predmet/{idPredmeta}],methods=[GET]}" onto public org.springframework.http.ResponseEntity<?> com.iktpreobuka.elektronskidnevnik.controllers.PredmetController.FpronaciPredmet(java.lang.Integer)
2018-07-25 00:19:59.485  INFO 6056 --- [main] s.w.s.m.m.a.RequestMappingHandlerMapping : Mapped "{[/API/V1/roditelj/ime/{imeRoditelja}/prezime/{prezimeRoditelja}],methods=[GET]}" onto public org.springframework.http.ResponseEntity<?> com.iktpreobuka.elektronskidnevnik.controllers.RoditeljController.pronadjiRoditeljaPremaImenuPrezimenu(java.lang.String,java.lang.String)
2018-07-25 00:19:59.487  INFO 6056 --- [main] s.w.s.m.m.a.RequestMappingHandlerMapping : Mapped "{[/API/V1/roditelj/{idRoditelja}],methods=[PUT]}" onto public org.springframework.http.ResponseEntity<?> com.iktpreobuka.elektronskidnevnik.controllers.RoditeljController.izmenitiRoditelja(com.iktpreobuka.elektronskidnevnik.entities.RoditeljEntity,java.lang.Integer,org.springframework.validation.BindingResult)
2018-07-25 00:19:59.488  INFO 6056 --- [main] s.w.s.m.m.a.RequestMappingHandlerMapping : Mapped "{[/API/V1/roditelj/{idRoditelja}],methods=[DELETE]}" onto public org.springframework.http.ResponseEntity<?> com.iktpreobuka.elektronskidnevnik.controllers.RoditeljController.izbrisatiRoditelja(java.lang.Integer)
2018-07-25 00:19:59.489  INFO 6056 --- [main] s.w.s.m.m.a.RequestMappingHandlerMapping : Mapped "{[/API/V1/roditelj],methods=[GET]}" onto public org.springframework.http.ResponseEntity<?> com.iktpreobuka.elektronskidnevnik.controllers.RoditeljController.prikazatiRoditelje()
2018-07-25 00:19:59.490  INFO 6056 --- [main] s.w.s.m.m.a.RequestMappingHandlerMapping : Mapped "{[/API/V1/roditelj/ucenici/{idRoditelja}],methods=[GET]}" onto public org.springframework.http.ResponseEntity<?> com.iktpreobuka.elektronskidnevnik.controllers.RoditeljController.pronaciUcenikeRoditelja(java.lang.Integer)
2018-07-25 00:19:59.491  INFO 6056 --- [main] s.w.s.m.m.a.RequestMappingHandlerMapping : Mapped "{[/API/V1/roditelj],methods=[POST]}" onto public org.springframework.http.ResponseEntity<?> com.iktpreobuka.elektronskidnevnik.controllers.RoditeljController.dodatiRoditelja(com.iktpreobuka.elektronskidnevnik.entities.RoditeljEntity,org.springframework.validation.BindingResult)
2018-07-25 00:19:59.492  INFO 6056 --- [main] s.w.s.m.m.a.RequestMappingHandlerMapping : Mapped "{[/API/V1/roditelj/{idRoditelja}],methods=[GET]}" onto public org.springframework.http.ResponseEntity<?> com.iktpreobuka.elektronskidnevnik.controllers.RoditeljController.pronaciRoditelja(java.lang.Integer)
2018-07-25 00:19:59.496  INFO 6056 --- [main] s.w.s.m.m.a.RequestMappingHandlerMapping : Mapped "{[/API/V1/uloga],methods=[GET]}" onto public org.springframework.http.ResponseEntity<?> com.iktpreobuka.elektronskidnevnik.controllers.RoleController.prikazatiUloge()
2018-07-25 00:19:59.498  INFO 6056 --- [main] s.w.s.m.m.a.RequestMappingHandlerMapping : Mapped "{[/API/V1/uloga],methods=[POST]}" onto public org.springframework.http.ResponseEntity<?> com.iktpreobuka.elektronskidnevnik.controllers.RoleController.dodatiUlogu(com.iktpreobuka.elektronskidnevnik.entities.RoleEntity,org.springframework.validation.BindingResult)
2018-07-25 00:19:59.503  INFO 6056 --- [main] s.w.s.m.m.a.RequestMappingHandlerMapping : Mapped "{[/API/V1/ucenik/{idRoditelja}],methods=[POST]}" onto public org.springframework.http.ResponseEntity<?> com.iktpreobuka.elektronskidnevnik.controllers.UcenikController.dodatiUcenika(com.iktpreobuka.elektronskidnevnik.entities.UcenikEntity,java.lang.Integer,org.springframework.validation.BindingResult)
2018-07-25 00:19:59.504  INFO 6056 --- [main] s.w.s.m.m.a.RequestMappingHandlerMapping : Mapped "{[/API/V1/ucenik/{idUcenika}],methods=[DELETE]}" onto public org.springframework.http.ResponseEntity<?> com.iktpreobuka.elektronskidnevnik.controllers.UcenikController.brisatiUcenika(java.lang.Integer)
2018-07-25 00:19:59.505  INFO 6056 --- [main] s.w.s.m.m.a.RequestMappingHandlerMapping : Mapped "{[/API/V1/ucenik/{idUcenika}],methods=[GET]}" onto public org.springframework.http.ResponseEntity<?> com.iktpreobuka.elektronskidnevnik.controllers.UcenikController.pronaciUcenika(java.lang.Integer)
2018-07-25 00:19:59.508  INFO 6056 --- [main] s.w.s.m.m.a.RequestMappingHandlerMapping : Mapped "{[/API/V1/ucenik],methods=[GET]}" onto public org.springframework.http.ResponseEntity<?> com.iktpreobuka.elektronskidnevnik.controllers.UcenikController.prikazatiUcenike()
2018-07-25 00:19:59.510  INFO 6056 --- [main] s.w.s.m.m.a.RequestMappingHandlerMapping : Mapped "{[/API/V1/ucenik/{idUcenika}/odeljenje/{idOdeljenja}],methods=[PUT]}" onto public org.springframework.http.ResponseEntity<?> com.iktpreobuka.elektronskidnevnik.controllers.UcenikController.izmenitiOdeljenjeUceniku(java.lang.Integer,java.lang.Integer)
2018-07-25 00:19:59.512  INFO 6056 --- [main] s.w.s.m.m.a.RequestMappingHandlerMapping : Mapped "{[/API/V1/ucenik/{idUcenika}/roditelj/{idRoditelja}],methods=[PUT]}" onto public org.springframework.http.ResponseEntity<?> com.iktpreobuka.elektronskidnevnik.controllers.UcenikController.izmenitiRoditeljaUceniku(java.lang.Integer,java.lang.Integer)
2018-07-25 00:19:59.513  INFO 6056 --- [main] s.w.s.m.m.a.RequestMappingHandlerMapping : Mapped "{[/API/V1/ucenik/ucenici-odeljenja/{idOdeljenja}],methods=[GET]}" onto public org.springframework.http.ResponseEntity<?> com.iktpreobuka.elektronskidnevnik.controllers.UcenikController.pronaciUcenikeOdeljenja(java.lang.Integer)
2018-07-25 00:19:59.514  INFO 6056 --- [main] s.w.s.m.m.a.RequestMappingHandlerMapping : Mapped "{[/API/V1/ucenik/ucenici-bez-odeljenja],methods=[GET]}" onto public org.springframework.http.ResponseEntity<?> com.iktpreobuka.elektronskidnevnik.controllers.UcenikController.pronaciUcenikeBezOdeljenja()
2018-07-25 00:19:59.516  INFO 6056 --- [main] s.w.s.m.m.a.RequestMappingHandlerMapping : Mapped "{[/API/V1/ucenik/{idUcenika}],methods=[PUT]}" onto public org.springframework.http.ResponseEntity<?> com.iktpreobuka.elektronskidnevnik.controllers.UcenikController.izmenitiUcenika(com.iktpreobuka.elektronskidnevnik.entities.UcenikEntity,java.lang.Integer,org.springframework.validation.BindingResult)
2018-07-25 00:19:59.523  INFO 6056 --- [main] s.w.s.m.m.a.RequestMappingHandlerMapping : Mapped "{[/error]}" onto public org.springframework.http.ResponseEntity<java.util.Map<java.lang.String, java.lang.Object>> org.springframework.boot.autoconfigure.web.servlet.error.BasicErrorController.error(javax.servlet.http.HttpServletRequest)
2018-07-25 00:19:59.525  INFO 6056 --- [main] s.w.s.m.m.a.RequestMappingHandlerMapping : Mapped "{[/error],produces=[text/html]}" onto public org.springframework.web.servlet.ModelAndView org.springframework.boot.autoconfigure.web.servlet.error.BasicErrorController.errorHtml(javax.servlet.http.HttpServletRequest,javax.servlet.http.HttpServletResponse)
2018-07-25 00:19:59.614  INFO 6056 --- [main] o.s.w.s.handler.SimpleUrlHandlerMapping  : Mapped URL path [/webjars/**] onto handler of type [class org.springframework.web.servlet.resource.ResourceHttpRequestHandler]
2018-07-25 00:19:59.615  INFO 6056 --- [main] o.s.w.s.handler.SimpleUrlHandlerMapping  : Mapped URL path [/**] onto handler of type [class org.springframework.web.servlet.resource.ResourceHttpRequestHandler]
2018-07-25 00:19:59.698  INFO 6056 --- [main] o.s.s.web.DefaultSecurityFilterChain     : Creating filter chain: org.springframework.security.web.util.matcher.AnyRequestMatcher@1, [org.springframework.security.web.context.request.async.WebAsyncManagerIntegrationFilter@5c53c235, org.springframework.security.web.context.SecurityContextPersistenceFilter@2a484710, org.springframework.security.web.header.HeaderWriterFilter@a056b26, org.springframework.web.filter.CorsFilter@2dcd0e41, org.springframework.security.web.authentication.logout.LogoutFilter@6bf570c, org.springframework.security.web.authentication.www.BasicAuthenticationFilter@7a55fb81, org.springframework.security.web.savedrequest.RequestCacheAwareFilter@3ffd4b12, org.springframework.security.web.servletapi.SecurityContextHolderAwareRequestFilter@6793f752, org.springframework.security.web.authentication.AnonymousAuthenticationFilter@7272ee51, org.springframework.security.web.session.SessionManagementFilter@5c82031b, org.springframework.security.web.access.ExceptionTranslationFilter@370c7cc5, org.springframework.security.web.access.intercept.FilterSecurityInterceptor@652e345]
2018-07-25 00:20:00.470  INFO 6056 --- [main] s.w.s.m.m.a.RequestMappingHandlerAdapter : Looking for @ControllerAdvice: org.springframework.boot.web.servlet.context.AnnotationConfigServletWebServerApplicationContext@6c64cb25: startup date [Wed Jul 25 00:18:58 CEST 2018]; root of context hierarchy
2018-07-25 00:20:01.604  INFO 6056 --- [main] .s.s.UserDetailsServiceAutoConfiguration : 

Using generated security password: 5295fb46-97e7-4b1d-84a1-2ef136be8e6e

2018-07-25 00:20:01.763  INFO 6056 --- [main] o.s.j.e.a.AnnotationMBeanExporter        : Registering beans for JMX exposure on startup
2018-07-25 00:20:01.766  INFO 6056 --- [main] o.s.j.e.a.AnnotationMBeanExporter        : Bean with name 'dataSource' has been autodetected for JMX exposure
2018-07-25 00:20:01.777  INFO 6056 --- [main] o.s.j.e.a.AnnotationMBeanExporter        : Located MBean 'dataSource': registering with JMX server as MBean [com.zaxxer.hikari:name=dataSource,type=HikariDataSource]
2018-07-25 00:20:02.016  INFO 6056 --- [main] o.s.b.w.embedded.tomcat.TomcatWebServer  : Tomcat started on port(s): 8090 (http) with context path ''
2018-07-25 00:20:02.451  INFO 6056 --- [main] c.i.e.ElektronskiDnevnikApplication      : Started ElektronskiDnevnikApplication in 69.334 seconds (JVM running for 91.575)
2018-07-25 00:20:50.368  INFO 6056 --- [http-nio-8090-exec-1] o.a.c.c.C.[Tomcat].[localhost].[/]       : Initializing Spring FrameworkServlet 'dispatcherServlet'
2018-07-25 00:20:50.368  INFO 6056 --- [http-nio-8090-exec-1] o.s.web.servlet.DispatcherServlet        : FrameworkServlet 'dispatcherServlet': initialization started
2018-07-25 00:20:50.483  INFO 6056 --- [http-nio-8090-exec-1] o.s.web.servlet.DispatcherServlet        : FrameworkServlet 'dispatcherServlet': initialization completed in 115 ms
2018-07-25 00:27:07.590  INFO 6056 --- [RMI TCP Connection(2)-127.0.0.1] inMXBeanRegistrar$SpringApplicationAdmin : Application shutdown requested.
2018-07-25 00:27:07.591  INFO 6056 --- [RMI TCP Connection(2)-127.0.0.1] ConfigServletWebServerApplicationContext : Closing org.springframework.boot.web.servlet.context.AnnotationConfigServletWebServerApplicationContext@6c64cb25: startup date [Wed Jul 25 00:18:58 CEST 2018]; root of context hierarchy
2018-07-25 00:27:07.594  INFO 6056 --- [RMI TCP Connection(2)-127.0.0.1] o.s.j.e.a.AnnotationMBeanExporter        : Unregistering JMX-exposed beans on shutdown
2018-07-25 00:27:07.595  INFO 6056 --- [RMI TCP Connection(2)-127.0.0.1] o.s.j.e.a.AnnotationMBeanExporter        : Unregistering JMX-exposed beans
2018-07-25 00:27:07.602  INFO 6056 --- [RMI TCP Connection(2)-127.0.0.1] j.LocalContainerEntityManagerFactoryBean : Closing JPA EntityManagerFactory for persistence unit 'default'
2018-07-25 00:27:07.604  INFO 6056 --- [RMI TCP Connection(2)-127.0.0.1] com.zaxxer.hikari.HikariDataSource       : HikariPool-1 - Shutdown initiated...
2018-07-25 00:27:07.629  INFO 6056 --- [RMI TCP Connection(2)-127.0.0.1] com.zaxxer.hikari.HikariDataSource       : HikariPool-1 - Shutdown completed.
2018-07-25 13:54:31.466  INFO 5432 --- [main] c.i.e.ElektronskiDnevnikApplication      : Starting ElektronskiDnevnikApplication on PAPO-PC with PID 5432 (started by PAPO in D:\Program Files\SPRING\SPRING\elektronski_dnevnik)
2018-07-25 13:54:31.514  INFO 5432 --- [main] c.i.e.ElektronskiDnevnikApplication      : No active profile set, falling back to default profiles: default
2018-07-25 13:54:31.905  INFO 5432 --- [main] ConfigServletWebServerApplicationContext : Refreshing org.springframework.boot.web.servlet.context.AnnotationConfigServletWebServerApplicationContext@42e99e4a: startup date [Wed Jul 25 13:54:31 CEST 2018]; root of context hierarchy
2018-07-25 13:54:50.426  INFO 5432 --- [main] trationDelegate$BeanPostProcessorChecker : Bean 'org.springframework.transaction.annotation.ProxyTransactionManagementConfiguration' of type [org.springframework.transaction.annotation.ProxyTransactionManagementConfiguration$$EnhancerBySpringCGLIB$$f8e83f58] is not eligible for getting processed by all BeanPostProcessors (for example: not eligible for auto-proxying)
2018-07-25 13:54:50.692  INFO 5432 --- [main] trationDelegate$BeanPostProcessorChecker : Bean 'org.springframework.security.config.annotation.configuration.ObjectPostProcessorConfiguration' of type [org.springframework.security.config.annotation.configuration.ObjectPostProcessorConfiguration$$EnhancerBySpringCGLIB$$91960792] is not eligible for getting processed by all BeanPostProcessors (for example: not eligible for auto-proxying)
2018-07-25 13:54:50.705  INFO 5432 --- [main] trationDelegate$BeanPostProcessorChecker : Bean 'objectPostProcessor' of type [org.springframework.security.config.annotation.configuration.AutowireBeanFactoryObjectPostProcessor] is not eligible for getting processed by all BeanPostProcessors (for example: not eligible for auto-proxying)
2018-07-25 13:54:50.708  INFO 5432 --- [main] trationDelegate$BeanPostProcessorChecker : Bean 'org.springframework.security.access.expression.method.DefaultMethodSecurityExpressionHandler@4b61d0c6' of type [org.springframework.security.access.expression.method.DefaultMethodSecurityExpressionHandler] is not eligible for getting processed by all BeanPostProcessors (for example: not eligible for auto-proxying)
2018-07-25 13:54:50.718  INFO 5432 --- [main] trationDelegate$BeanPostProcessorChecker : Bean 'org.springframework.security.config.annotation.method.configuration.GlobalMethodSecurityConfiguration' of type [org.springframework.security.config.annotation.method.configuration.GlobalMethodSecurityConfiguration$$EnhancerBySpringCGLIB$$b66aaa44] is not eligible for getting processed by all BeanPostProcessors (for example: not eligible for auto-proxying)
2018-07-25 13:54:50.735  INFO 5432 --- [main] trationDelegate$BeanPostProcessorChecker : Bean 'methodSecurityMetadataSource' of type [org.springframework.security.access.method.DelegatingMethodSecurityMetadataSource] is not eligible for getting processed by all BeanPostProcessors (for example: not eligible for auto-proxying)
2018-07-25 13:54:51.916  INFO 5432 --- [main] o.s.b.w.embedded.tomcat.TomcatWebServer  : Tomcat initialized with port(s): 8090 (http)
2018-07-25 13:54:52.087  INFO 5432 --- [main] o.apache.catalina.core.StandardService   : Starting service [Tomcat]
2018-07-25 13:54:52.088  INFO 5432 --- [main] org.apache.catalina.core.StandardEngine  : Starting Servlet Engine: Apache Tomcat/8.5.31
2018-07-25 13:54:52.131  INFO 5432 --- [localhost-startStop-1] o.a.catalina.core.AprLifecycleListener   : The APR based Apache Tomcat Native library which allows optimal performance in production environments was not found on the java.library.path: [C:\Program Files\Java\jre1.8.0_162\bin;C:\Windows\Sun\Java\bin;C:\Windows\system32;C:\Windows;C:/Program Files/Java/jdk1.8.0_162/bin/../jre/bin/server;C:/Program Files/Java/jdk1.8.0_162/bin/../jre/bin;C:/Program Files/Java/jdk1.8.0_162/bin/../jre/lib/amd64;D:\Program Files\MAVEN\apache-maven-3.5.0-bin\apache-maven-3.5.0\bin;C:\Program Files\Java\jdk1.8.0_162\bin;C:\Users\PAPO\AppData\Roaming\nvm;C:\Program Files\nodejs;D:\Microsoft VS Code\bin;D:\Program Files\Git\cmd;C:\Program Files\Intel\WiFi\bin\;C:\Program Files\Common Files\Intel\WirelessCommon\;C:\Users\PAPO\AppData\Local\atom\bin;C:\Users\PAPO\AppData\Roaming\nvm;C:\Program Files\nodejs;D:\Program Files\SPRING\spring-tool-suite-3.8.4.RELEASE-e4.6.3-win32-x86_64\sts-bundle\sts-3.8.4.RELEASE;;.]
2018-07-25 13:54:52.737  INFO 5432 --- [localhost-startStop-1] o.a.c.c.C.[Tomcat].[localhost].[/]       : Initializing Spring embedded WebApplicationContext
2018-07-25 13:54:52.738  INFO 5432 --- [localhost-startStop-1] o.s.web.context.ContextLoader            : Root WebApplicationContext: initialization completed in 20832 ms
2018-07-25 13:54:53.381  INFO 5432 --- [localhost-startStop-1] o.s.b.w.servlet.FilterRegistrationBean   : Mapping filter: 'characterEncodingFilter' to: [/*]
2018-07-25 13:54:53.382  INFO 5432 --- [localhost-startStop-1] o.s.b.w.servlet.FilterRegistrationBean   : Mapping filter: 'hiddenHttpMethodFilter' to: [/*]
2018-07-25 13:54:53.382  INFO 5432 --- [localhost-startStop-1] o.s.b.w.servlet.FilterRegistrationBean   : Mapping filter: 'httpPutFormContentFilter' to: [/*]
2018-07-25 13:54:53.382  INFO 5432 --- [localhost-startStop-1] o.s.b.w.servlet.FilterRegistrationBean   : Mapping filter: 'requestContextFilter' to: [/*]
2018-07-25 13:54:53.383  INFO 5432 --- [localhost-startStop-1] .s.DelegatingFilterProxyRegistrationBean : Mapping filter: 'springSecurityFilterChain' to: [/*]
2018-07-25 13:54:53.383  INFO 5432 --- [localhost-startStop-1] o.s.b.w.servlet.ServletRegistrationBean  : Servlet dispatcherServlet mapped to [/]
2018-07-25 13:54:54.475  INFO 5432 --- [main] com.zaxxer.hikari.HikariDataSource       : HikariPool-1 - Starting...
2018-07-25 13:54:54.528  WARN 5432 --- [main] com.zaxxer.hikari.util.DriverDataSource  : Registered driver with driverClassName=com.mysql.jdbc.Driver was not found, trying direct instantiation.
2018-07-25 13:54:55.571  INFO 5432 --- [main] com.zaxxer.hikari.HikariDataSource       : HikariPool-1 - Start completed.
2018-07-25 13:54:55.884  INFO 5432 --- [main] j.LocalContainerEntityManagerFactoryBean : Building JPA container EntityManagerFactory for persistence unit 'default'
2018-07-25 13:55:03.511  INFO 5432 --- [main] j.LocalContainerEntityManagerFactoryBean : Initialized JPA EntityManagerFactory for persistence unit 'default'
2018-07-25 13:55:09.348  INFO 5432 --- [main] o.s.w.s.handler.SimpleUrlHandlerMapping  : Mapped URL path [/**/favicon.ico] onto handler of type [class org.springframework.web.servlet.resource.ResourceHttpRequestHandler]
2018-07-25 13:55:09.430  WARN 5432 --- [main] aWebConfiguration$JpaWebMvcConfiguration : spring.jpa.open-in-view is enabled by default. Therefore, database queries may be performed during view rendering. Explicitly configure spring.jpa.open-in-view to disable this warning
2018-07-25 13:55:09.642  INFO 5432 --- [main] s.w.s.m.m.a.RequestMappingHandlerMapping : Mapped "{[/API/V1/admin],methods=[POST]}" onto public org.springframework.http.ResponseEntity<?> com.iktpreobuka.elektronskidnevnik.controllers.AdminController.dodatiAdmina(com.iktpreobuka.elektronskidnevnik.entities.AdminEntity,org.springframework.validation.BindingResult)
2018-07-25 13:55:09.647  INFO 5432 --- [main] s.w.s.m.m.a.RequestMappingHandlerMapping : Mapped "{[/API/V1/admin],methods=[GET]}" onto public org.springframework.http.ResponseEntity<?> com.iktpreobuka.elektronskidnevnik.controllers.AdminController.prikazatiAdmine()
2018-07-25 13:55:09.648  INFO 5432 --- [main] s.w.s.m.m.a.RequestMappingHandlerMapping : Mapped "{[/API/V1/admin/logs/{fileName:.+}]}" onto public void com.iktpreobuka.elektronskidnevnik.controllers.AdminController.downloader(javax.servlet.http.HttpServletRequest,javax.servlet.http.HttpServletResponse,java.lang.String)
2018-07-25 13:55:09.654  INFO 5432 --- [main] s.w.s.m.m.a.RequestMappingHandlerMapping : Mapped "{[/API/V1/auth/login],methods=[POST]}" onto public org.springframework.http.ResponseEntity<java.lang.Object> com.iktpreobuka.elektronskidnevnik.controllers.AuthController.login()
2018-07-25 13:55:09.663  INFO 5432 --- [main] s.w.s.m.m.a.RequestMappingHandlerMapping : Mapped "{[/API/V1/nastavnik],methods=[POST]}" onto public org.springframework.http.ResponseEntity<?> com.iktpreobuka.elektronskidnevnik.controllers.NastavnikController.dodatiNastavnika(com.iktpreobuka.elektronskidnevnik.entities.NastavnikEntity,org.springframework.validation.BindingResult)
2018-07-25 13:55:09.664  INFO 5432 --- [main] s.w.s.m.m.a.RequestMappingHandlerMapping : Mapped "{[/API/V1/nastavnik/{idNastavnika}],methods=[PUT]}" onto public org.springframework.http.ResponseEntity<?> com.iktpreobuka.elektronskidnevnik.controllers.NastavnikController.izmenitiNastavnika(com.iktpreobuka.elektronskidnevnik.entities.NastavnikEntity,java.lang.Integer,org.springframework.validation.BindingResult)
2018-07-25 13:55:09.665  INFO 5432 --- [main] s.w.s.m.m.a.RequestMappingHandlerMapping : Mapped "{[/API/V1/nastavnik/{idNastavnika}],methods=[DELETE]}" onto public org.springframework.http.ResponseEntity<?> com.iktpreobuka.elektronskidnevnik.controllers.NastavnikController.izbrisatiNastavnika(java.lang.Integer)
2018-07-25 13:55:09.665  INFO 5432 --- [main] s.w.s.m.m.a.RequestMappingHandlerMapping : Mapped "{[/API/V1/nastavnik/{idNastavnika}],methods=[GET]}" onto public org.springframework.http.ResponseEntity<?> com.iktpreobuka.elektronskidnevnik.controllers.NastavnikController.pronaciNastavnika(java.lang.Integer)
2018-07-25 13:55:09.666  INFO 5432 --- [main] s.w.s.m.m.a.RequestMappingHandlerMapping : Mapped "{[/API/V1/nastavnik],methods=[GET]}" onto public org.springframework.http.ResponseEntity<?> com.iktpreobuka.elektronskidnevnik.controllers.NastavnikController.prikazatiNastavnike()
2018-07-25 13:55:09.667  INFO 5432 --- [main] s.w.s.m.m.a.RequestMappingHandlerMapping : Mapped "{[/API/V1/nastavnik/nastavnici-odeljenja/{idOdeljenja}],methods=[GET]}" onto public org.springframework.http.ResponseEntity<?> com.iktpreobuka.elektronskidnevnik.controllers.NastavnikController.pronaciNastavnikeOdeljenja(java.lang.Integer)
2018-07-25 13:55:09.668  INFO 5432 --- [main] s.w.s.m.m.a.RequestMappingHandlerMapping : Mapped "{[/API/V1/nastavnik/ime/{imeNastavnika}/prezime/{prezimeNastavnika}],methods=[GET]}" onto public org.springframework.http.ResponseEntity<?> com.iktpreobuka.elektronskidnevnik.controllers.NastavnikController.pronaciNastavnikaPremaImenuIPrezimenu(java.lang.String,java.lang.String)
2018-07-25 13:55:09.669  INFO 5432 --- [main] s.w.s.m.m.a.RequestMappingHandlerMapping : Mapped "{[/API/V1/nastavnik/odeljenja-predmeti/{idNastavnika}],methods=[GET]}" onto public org.springframework.http.ResponseEntity<?> com.iktpreobuka.elektronskidnevnik.controllers.NastavnikController.pronaciOdeljenjaIPredmeteNastavnik(java.lang.Integer)
2018-07-25 13:55:09.675  INFO 5432 --- [main] s.w.s.m.m.a.RequestMappingHandlerMapping : Mapped "{[/API/V1/ocena/ucenik/{idUcenika}/odeljenjePredmetNastavnik/{idOdeljenjePredmetNastavnik}],methods=[POST]}" onto public org.springframework.http.ResponseEntity<?> com.iktpreobuka.elektronskidnevnik.controllers.OcenaController.dodatiOcenu(com.iktpreobuka.elektronskidnevnik.entities.OcenaEntity,java.lang.Integer,java.lang.Integer,org.springframework.validation.BindingResult) throws java.lang.Exception
2018-07-25 13:55:09.676  INFO 5432 --- [main] s.w.s.m.m.a.RequestMappingHandlerMapping : Mapped "{[/API/V1/ocena/{idOcene}],methods=[PUT]}" onto private org.springframework.http.ResponseEntity<?> com.iktpreobuka.elektronskidnevnik.controllers.OcenaController.izmenitiOcenu(com.iktpreobuka.elektronskidnevnik.entities.OcenaEntity,java.lang.Integer,org.springframework.validation.BindingResult)
2018-07-25 13:55:09.677  INFO 5432 --- [main] s.w.s.m.m.a.RequestMappingHandlerMapping : Mapped "{[/API/V1/ocena/{idOcene}],methods=[DELETE]}" onto public org.springframework.http.ResponseEntity<?> com.iktpreobuka.elektronskidnevnik.controllers.OcenaController.brisatiOcenu(java.lang.Integer)
2018-07-25 13:55:09.678  INFO 5432 --- [main] s.w.s.m.m.a.RequestMappingHandlerMapping : Mapped "{[/API/V1/ocena/{idOcene}],methods=[GET]}" onto public org.springframework.http.ResponseEntity<?> com.iktpreobuka.elektronskidnevnik.controllers.OcenaController.pronaciOcenu(java.lang.Integer)
2018-07-25 13:55:09.681  INFO 5432 --- [main] s.w.s.m.m.a.RequestMappingHandlerMapping : Mapped "{[/API/V1/ocena],methods=[GET]}" onto public org.springframework.http.ResponseEntity<?> com.iktpreobuka.elektronskidnevnik.controllers.OcenaController.prikazatiOcene()
2018-07-25 13:55:09.682  INFO 5432 --- [main] s.w.s.m.m.a.RequestMappingHandlerMapping : Mapped "{[/API/V1/ocena/ucenik/{idUcenika}],methods=[GET]}" onto public org.springframework.http.ResponseEntity<?> com.iktpreobuka.elektronskidnevnik.controllers.OcenaController.pronaciOceneUcenika(java.lang.Integer)
2018-07-25 13:55:09.683  INFO 5432 --- [main] s.w.s.m.m.a.RequestMappingHandlerMapping : Mapped "{[/API/V1/ocena/ocene-ucenika/{idOdeljenjePredmetNastavnik}],methods=[GET]}" onto public org.springframework.http.ResponseEntity<?> com.iktpreobuka.elektronskidnevnik.controllers.OcenaController.pronaciOceneUcenikaPredmeta(java.lang.Integer)
2018-07-25 13:55:09.686  INFO 5432 --- [main] s.w.s.m.m.a.RequestMappingHandlerMapping : Mapped "{[/API/V1/odeljenje/{idOdeljenja}],methods=[GET]}" onto public org.springframework.http.ResponseEntity<?> com.iktpreobuka.elektronskidnevnik.controllers.OdeljenjeController.pronaciOdeljenje(java.lang.Integer)
2018-07-25 13:55:09.687  INFO 5432 --- [main] s.w.s.m.m.a.RequestMappingHandlerMapping : Mapped "{[/API/V1/odeljenje],methods=[POST]}" onto public org.springframework.http.ResponseEntity<?> com.iktpreobuka.elektronskidnevnik.controllers.OdeljenjeController.dodatiOdeljenje(com.iktpreobuka.elektronskidnevnik.entities.OdeljenjeEntity,org.springframework.validation.BindingResult)
2018-07-25 13:55:09.688  INFO 5432 --- [main] s.w.s.m.m.a.RequestMappingHandlerMapping : Mapped "{[/API/V1/odeljenje/{idOdeljenja}],methods=[PUT]}" onto public org.springframework.http.ResponseEntity<?> com.iktpreobuka.elektronskidnevnik.controllers.OdeljenjeController.izmenitiOdeljenje(com.iktpreobuka.elektronskidnevnik.entities.OdeljenjeEntity,java.lang.Integer,org.springframework.validation.BindingResult)
2018-07-25 13:55:09.689  INFO 5432 --- [main] s.w.s.m.m.a.RequestMappingHandlerMapping : Mapped "{[/API/V1/odeljenje/{idOdeljenja}],methods=[DELETE]}" onto public org.springframework.http.ResponseEntity<?> com.iktpreobuka.elektronskidnevnik.controllers.OdeljenjeController.izbrisatiOdeljenje(java.lang.Integer)
2018-07-25 13:55:09.690  INFO 5432 --- [main] s.w.s.m.m.a.RequestMappingHandlerMapping : Mapped "{[/API/V1/odeljenje],methods=[GET]}" onto public org.springframework.http.ResponseEntity<?> com.iktpreobuka.elektronskidnevnik.controllers.OdeljenjeController.prikazatiOdeljenja()
2018-07-25 13:55:09.694  INFO 5432 --- [main] s.w.s.m.m.a.RequestMappingHandlerMapping : Mapped "{[/API/V1/odeljenje-predmet-nastavnik/nastavnici-predmeti/{idOdeljenja}],methods=[GET]}" onto public org.springframework.http.ResponseEntity<?> com.iktpreobuka.elektronskidnevnik.controllers.OdeljenjePredmetNastavnikController.pronaciNastavnikeOdeljenja(java.lang.Integer)
2018-07-25 13:55:09.694  INFO 5432 --- [main] s.w.s.m.m.a.RequestMappingHandlerMapping : Mapped "{[/API/V1/odeljenje-predmet-nastavnik/odeljenje/{idOdeljenja}/predmet/{idPredmeta}/nastavnik/{idNastavnika}],methods=[POST]}" onto public org.springframework.http.ResponseEntity<?> com.iktpreobuka.elektronskidnevnik.controllers.OdeljenjePredmetNastavnikController.dodatiOdeljenjaPredmetNastavnik(java.lang.Integer,java.lang.Integer,java.lang.Integer)
2018-07-25 13:55:09.695  INFO 5432 --- [main] s.w.s.m.m.a.RequestMappingHandlerMapping : Mapped "{[/API/V1/odeljenje-predmet-nastavnik/{idOdeljenjePredmetNastavnik}],methods=[GET]}" onto public org.springframework.http.ResponseEntity<?> com.iktpreobuka.elektronskidnevnik.controllers.OdeljenjePredmetNastavnikController.pronaciOdeljenjePredmetNastavnik(java.lang.Integer)
2018-07-25 13:55:09.696  INFO 5432 --- [main] s.w.s.m.m.a.RequestMappingHandlerMapping : Mapped "{[/API/V1/odeljenje-predmet-nastavnik/{idOdeljenjePredmetNastavnik}/odeljenje/{idOdeljenja}],methods=[PUT]}" onto public org.springframework.http.ResponseEntity<?> com.iktpreobuka.elektronskidnevnik.controllers.OdeljenjePredmetNastavnikController.izmenitiOdeljenjeVezi(java.lang.Integer,java.lang.Integer)
2018-07-25 13:55:09.697  INFO 5432 --- [main] s.w.s.m.m.a.RequestMappingHandlerMapping : Mapped "{[/API/V1/odeljenje-predmet-nastavnik/{idOdeljenjePredmetNastavnik}/predmet/{idPredmeta}],methods=[PUT]}" onto public org.springframework.http.ResponseEntity<?> com.iktpreobuka.elektronskidnevnik.controllers.OdeljenjePredmetNastavnikController.izmenitiPredmetVezi(java.lang.Integer,java.lang.Integer)
2018-07-25 13:55:09.698  INFO 5432 --- [main] s.w.s.m.m.a.RequestMappingHandlerMapping : Mapped "{[/API/V1/odeljenje-predmet-nastavnik/{idOdeljenjePredmetNastavnik}/nastavnik/{idNastavnika}],methods=[PUT]}" onto public org.springframework.http.ResponseEntity<?> com.iktpreobuka.elektronskidnevnik.controllers.OdeljenjePredmetNastavnikController.izmenitiNastavnikaVezi(java.lang.Integer,java.lang.Integer)
2018-07-25 13:55:09.698  INFO 5432 --- [main] s.w.s.m.m.a.RequestMappingHandlerMapping : Mapped "{[/API/V1/odeljenje-predmet-nastavnik/{idOdeljenjePredmetNastavnik}],methods=[DELETE]}" onto public org.springframework.http.ResponseEntity<?> com.iktpreobuka.elektronskidnevnik.controllers.OdeljenjePredmetNastavnikController.obrisatiOdeljenjePredmetNastavnik(java.lang.Integer)
2018-07-25 13:55:09.699  INFO 5432 --- [main] s.w.s.m.m.a.RequestMappingHandlerMapping : Mapped "{[/API/V1/odeljenje-predmet-nastavnik],methods=[GET]}" onto public org.springframework.http.ResponseEntity<?> com.iktpreobuka.elektronskidnevnik.controllers.OdeljenjePredmetNastavnikController.prikazatiOdeljenjePredmetNastavnik()
2018-07-25 13:55:09.702  INFO 5432 --- [main] s.w.s.m.m.a.RequestMappingHandlerMapping : Mapped "{[/API/V1/predmet/{idPredmeta}],methods=[PUT]}" onto public org.springframework.http.ResponseEntity<?> com.iktpreobuka.elektronskidnevnik.controllers.PredmetController.izmenitiPredmet(com.iktpreobuka.elektronskidnevnik.entities.PredmetEntity,java.lang.Integer,org.springframework.validation.BindingResult)
2018-07-25 13:55:09.703  INFO 5432 --- [main] s.w.s.m.m.a.RequestMappingHandlerMapping : Mapped "{[/API/V1/predmet/{idPredmeta}],methods=[DELETE]}" onto public org.springframework.http.ResponseEntity<?> com.iktpreobuka.elektronskidnevnik.controllers.PredmetController.izbrisatiPredmet(java.lang.Integer)
2018-07-25 13:55:09.703  INFO 5432 --- [main] s.w.s.m.m.a.RequestMappingHandlerMapping : Mapped "{[/API/V1/predmet],methods=[POST]}" onto public org.springframework.http.ResponseEntity<?> com.iktpreobuka.elektronskidnevnik.controllers.PredmetController.dodatiPredmet(com.iktpreobuka.elektronskidnevnik.entities.PredmetEntity,org.springframework.validation.BindingResult)
2018-07-25 13:55:09.704  INFO 5432 --- [main] s.w.s.m.m.a.RequestMappingHandlerMapping : Mapped "{[/API/V1/predmet/{idPredmeta}],methods=[GET]}" onto public org.springframework.http.ResponseEntity<?> com.iktpreobuka.elektronskidnevnik.controllers.PredmetController.FpronaciPredmet(java.lang.Integer)
2018-07-25 13:55:09.705  INFO 5432 --- [main] s.w.s.m.m.a.RequestMappingHandlerMapping : Mapped "{[/API/V1/predmet],methods=[GET]}" onto public org.springframework.http.ResponseEntity<?> com.iktpreobuka.elektronskidnevnik.controllers.PredmetController.prikazatiPredmete()
2018-07-25 13:55:09.706  INFO 5432 --- [main] s.w.s.m.m.a.RequestMappingHandlerMapping : Mapped "{[/API/V1/predmet/predmeti-odeljenja/{idOdeljenja}],methods=[GET]}" onto public org.springframework.http.ResponseEntity<?> com.iktpreobuka.elektronskidnevnik.controllers.PredmetController.pronaciPredmeteOdeljenja(java.lang.Integer)
2018-07-25 13:55:09.709  INFO 5432 --- [main] s.w.s.m.m.a.RequestMappingHandlerMapping : Mapped "{[/API/V1/roditelj],methods=[POST]}" onto public org.springframework.http.ResponseEntity<?> com.iktpreobuka.elektronskidnevnik.controllers.RoditeljController.dodatiRoditelja(com.iktpreobuka.elektronskidnevnik.entities.RoditeljEntity,org.springframework.validation.BindingResult)
2018-07-25 13:55:09.710  INFO 5432 --- [main] s.w.s.m.m.a.RequestMappingHandlerMapping : Mapped "{[/API/V1/roditelj/{idRoditelja}],methods=[GET]}" onto public org.springframework.http.ResponseEntity<?> com.iktpreobuka.elektronskidnevnik.controllers.RoditeljController.pronaciRoditelja(java.lang.Integer)
2018-07-25 13:55:09.710  INFO 5432 --- [main] s.w.s.m.m.a.RequestMappingHandlerMapping : Mapped "{[/API/V1/roditelj/{idRoditelja}],methods=[PUT]}" onto public org.springframework.http.ResponseEntity<?> com.iktpreobuka.elektronskidnevnik.controllers.RoditeljController.izmenitiRoditelja(com.iktpreobuka.elektronskidnevnik.entities.RoditeljEntity,java.lang.Integer,org.springframework.validation.BindingResult)
2018-07-25 13:55:09.711  INFO 5432 --- [main] s.w.s.m.m.a.RequestMappingHandlerMapping : Mapped "{[/API/V1/roditelj/{idRoditelja}],methods=[DELETE]}" onto public org.springframework.http.ResponseEntity<?> com.iktpreobuka.elektronskidnevnik.controllers.RoditeljController.izbrisatiRoditelja(java.lang.Integer)
2018-07-25 13:55:09.711  INFO 5432 --- [main] s.w.s.m.m.a.RequestMappingHandlerMapping : Mapped "{[/API/V1/roditelj],methods=[GET]}" onto public org.springframework.http.ResponseEntity<?> com.iktpreobuka.elektronskidnevnik.controllers.RoditeljController.prikazatiRoditelje()
2018-07-25 13:55:09.712  INFO 5432 --- [main] s.w.s.m.m.a.RequestMappingHandlerMapping : Mapped "{[/API/V1/roditelj/ucenici/{idRoditelja}],methods=[GET]}" onto public org.springframework.http.ResponseEntity<?> com.iktpreobuka.elektronskidnevnik.controllers.RoditeljController.pronaciUcenikeRoditelja(java.lang.Integer)
2018-07-25 13:55:09.713  INFO 5432 --- [main] s.w.s.m.m.a.RequestMappingHandlerMapping : Mapped "{[/API/V1/roditelj/ime/{imeRoditelja}/prezime/{prezimeRoditelja}],methods=[GET]}" onto public org.springframework.http.ResponseEntity<?> com.iktpreobuka.elektronskidnevnik.controllers.RoditeljController.pronadjiRoditeljaPremaImenuPrezimenu(java.lang.String,java.lang.String)
2018-07-25 13:55:09.715  INFO 5432 --- [main] s.w.s.m.m.a.RequestMappingHandlerMapping : Mapped "{[/API/V1/uloga],methods=[GET]}" onto public org.springframework.http.ResponseEntity<?> com.iktpreobuka.elektronskidnevnik.controllers.RoleController.prikazatiUloge()
2018-07-25 13:55:09.716  INFO 5432 --- [main] s.w.s.m.m.a.RequestMappingHandlerMapping : Mapped "{[/API/V1/uloga],methods=[POST]}" onto public org.springframework.http.ResponseEntity<?> com.iktpreobuka.elektronskidnevnik.controllers.RoleController.dodatiUlogu(com.iktpreobuka.elektronskidnevnik.entities.RoleEntity,org.springframework.validation.BindingResult)
2018-07-25 13:55:09.719  INFO 5432 --- [main] s.w.s.m.m.a.RequestMappingHandlerMapping : Mapped "{[/API/V1/ucenik/{idRoditelja}],methods=[POST]}" onto public org.springframework.http.ResponseEntity<?> com.iktpreobuka.elektronskidnevnik.controllers.UcenikController.dodatiUcenika(com.iktpreobuka.elektronskidnevnik.entities.UcenikEntity,java.lang.Integer,org.springframework.validation.BindingResult)
2018-07-25 13:55:09.720  INFO 5432 --- [main] s.w.s.m.m.a.RequestMappingHandlerMapping : Mapped "{[/API/V1/ucenik/{idUcenika}],methods=[PUT]}" onto public org.springframework.http.ResponseEntity<?> com.iktpreobuka.elektronskidnevnik.controllers.UcenikController.izmenitiUcenika(com.iktpreobuka.elektronskidnevnik.entities.UcenikEntity,java.lang.Integer,org.springframework.validation.BindingResult)
2018-07-25 13:55:09.721  INFO 5432 --- [main] s.w.s.m.m.a.RequestMappingHandlerMapping : Mapped "{[/API/V1/ucenik/{idUcenika}],methods=[DELETE]}" onto public org.springframework.http.ResponseEntity<?> com.iktpreobuka.elektronskidnevnik.controllers.UcenikController.brisatiUcenika(java.lang.Integer)
2018-07-25 13:55:09.722  INFO 5432 --- [main] s.w.s.m.m.a.RequestMappingHandlerMapping : Mapped "{[/API/V1/ucenik/{idUcenika}],methods=[GET]}" onto public org.springframework.http.ResponseEntity<?> com.iktpreobuka.elektronskidnevnik.controllers.UcenikController.pronaciUcenika(java.lang.Integer)
2018-07-25 13:55:09.723  INFO 5432 --- [main] s.w.s.m.m.a.RequestMappingHandlerMapping : Mapped "{[/API/V1/ucenik],methods=[GET]}" onto public org.springframework.http.ResponseEntity<?> com.iktpreobuka.elektronskidnevnik.controllers.UcenikController.prikazatiUcenike()
2018-07-25 13:55:09.723  INFO 5432 --- [main] s.w.s.m.m.a.RequestMappingHandlerMapping : Mapped "{[/API/V1/ucenik/{idUcenika}/odeljenje/{idOdeljenja}],methods=[PUT]}" onto public org.springframework.http.ResponseEntity<?> com.iktpreobuka.elektronskidnevnik.controllers.UcenikController.izmenitiOdeljenjeUceniku(java.lang.Integer,java.lang.Integer)
2018-07-25 13:55:09.724  INFO 5432 --- [main] s.w.s.m.m.a.RequestMappingHandlerMapping : Mapped "{[/API/V1/ucenik/{idUcenika}/roditelj/{idRoditelja}],methods=[PUT]}" onto public org.springframework.http.ResponseEntity<?> com.iktpreobuka.elektronskidnevnik.controllers.UcenikController.izmenitiRoditeljaUceniku(java.lang.Integer,java.lang.Integer)
2018-07-25 13:55:09.725  INFO 5432 --- [main] s.w.s.m.m.a.RequestMappingHandlerMapping : Mapped "{[/API/V1/ucenik/ucenici-odeljenja/{idOdeljenja}],methods=[GET]}" onto public org.springframework.http.ResponseEntity<?> com.iktpreobuka.elektronskidnevnik.controllers.UcenikController.pronaciUcenikeOdeljenja(java.lang.Integer)
2018-07-25 13:55:09.726  INFO 5432 --- [main] s.w.s.m.m.a.RequestMappingHandlerMapping : Mapped "{[/API/V1/ucenik/ucenici-bez-odeljenja],methods=[GET]}" onto public org.springframework.http.ResponseEntity<?> com.iktpreobuka.elektronskidnevnik.controllers.UcenikController.pronaciUcenikeBezOdeljenja()
2018-07-25 13:55:09.731  INFO 5432 --- [main] s.w.s.m.m.a.RequestMappingHandlerMapping : Mapped "{[/error]}" onto public org.springframework.http.ResponseEntity<java.util.Map<java.lang.String, java.lang.Object>> org.springframework.boot.autoconfigure.web.servlet.error.BasicErrorController.error(javax.servlet.http.HttpServletRequest)
2018-07-25 13:55:09.732  INFO 5432 --- [main] s.w.s.m.m.a.RequestMappingHandlerMapping : Mapped "{[/error],produces=[text/html]}" onto public org.springframework.web.servlet.ModelAndView org.springframework.boot.autoconfigure.web.servlet.error.BasicErrorController.errorHtml(javax.servlet.http.HttpServletRequest,javax.servlet.http.HttpServletResponse)
2018-07-25 13:55:09.795  INFO 5432 --- [main] o.s.w.s.handler.SimpleUrlHandlerMapping  : Mapped URL path [/webjars/**] onto handler of type [class org.springframework.web.servlet.resource.ResourceHttpRequestHandler]
2018-07-25 13:55:09.796  INFO 5432 --- [main] o.s.w.s.handler.SimpleUrlHandlerMapping  : Mapped URL path [/**] onto handler of type [class org.springframework.web.servlet.resource.ResourceHttpRequestHandler]
2018-07-25 13:55:10.177  INFO 5432 --- [main] o.s.s.web.DefaultSecurityFilterChain     : Creating filter chain: org.springframework.security.web.util.matcher.AnyRequestMatcher@1, [org.springframework.security.web.context.request.async.WebAsyncManagerIntegrationFilter@4044589a, org.springframework.security.web.context.SecurityContextPersistenceFilter@4e48462d, org.springframework.security.web.header.HeaderWriterFilter@7b5021d1, org.springframework.web.filter.CorsFilter@7de35070, org.springframework.security.web.authentication.logout.LogoutFilter@5d7f8467, org.springframework.security.web.authentication.www.BasicAuthenticationFilter@9281d19, org.springframework.security.web.savedrequest.RequestCacheAwareFilter@10a907ec, org.springframework.security.web.servletapi.SecurityContextHolderAwareRequestFilter@1a88c4f5, org.springframework.security.web.authentication.AnonymousAuthenticationFilter@216f01, org.springframework.security.web.session.SessionManagementFilter@27ffd9f8, org.springframework.security.web.access.ExceptionTranslationFilter@4662752a, org.springframework.security.web.access.intercept.FilterSecurityInterceptor@19ae36f4]
2018-07-25 13:55:11.012  INFO 5432 --- [main] s.w.s.m.m.a.RequestMappingHandlerAdapter : Looking for @ControllerAdvice: org.springframework.boot.web.servlet.context.AnnotationConfigServletWebServerApplicationContext@42e99e4a: startup date [Wed Jul 25 13:54:31 CEST 2018]; root of context hierarchy
2018-07-25 13:55:12.021  INFO 5432 --- [main] .s.s.UserDetailsServiceAutoConfiguration : 

Using generated security password: 5658b663-89bb-49c7-835c-fcfb0d4610da

2018-07-25 13:55:12.224  INFO 5432 --- [main] o.s.j.e.a.AnnotationMBeanExporter        : Registering beans for JMX exposure on startup
2018-07-25 13:55:12.229  INFO 5432 --- [main] o.s.j.e.a.AnnotationMBeanExporter        : Bean with name 'dataSource' has been autodetected for JMX exposure
2018-07-25 13:55:12.241  INFO 5432 --- [main] o.s.j.e.a.AnnotationMBeanExporter        : Located MBean 'dataSource': registering with JMX server as MBean [com.zaxxer.hikari:name=dataSource,type=HikariDataSource]
2018-07-25 13:55:12.493  INFO 5432 --- [main] o.s.b.w.embedded.tomcat.TomcatWebServer  : Tomcat started on port(s): 8090 (http) with context path ''
2018-07-25 13:55:13.042  INFO 5432 --- [main] c.i.e.ElektronskiDnevnikApplication      : Started ElektronskiDnevnikApplication in 44.594 seconds (JVM running for 50.713)
2018-07-25 14:05:27.651  INFO 5432 --- [http-nio-8090-exec-2] o.a.c.c.C.[Tomcat].[localhost].[/]       : Initializing Spring FrameworkServlet 'dispatcherServlet'
2018-07-25 14:05:27.652  INFO 5432 --- [http-nio-8090-exec-2] o.s.web.servlet.DispatcherServlet        : FrameworkServlet 'dispatcherServlet': initialization started
2018-07-25 14:05:27.725  INFO 5432 --- [http-nio-8090-exec-2] o.s.web.servlet.DispatcherServlet        : FrameworkServlet 'dispatcherServlet': initialization completed in 72 ms
2018-07-25 14:17:08.625  INFO 5432 --- [RMI TCP Connection(2)-127.0.0.1] inMXBeanRegistrar$SpringApplicationAdmin : Application shutdown requested.
2018-07-25 14:17:08.626  INFO 5432 --- [RMI TCP Connection(2)-127.0.0.1] ConfigServletWebServerApplicationContext : Closing org.springframework.boot.web.servlet.context.AnnotationConfigServletWebServerApplicationContext@42e99e4a: startup date [Wed Jul 25 13:54:31 CEST 2018]; root of context hierarchy
2018-07-25 14:17:08.632  INFO 5432 --- [RMI TCP Connection(2)-127.0.0.1] o.s.j.e.a.AnnotationMBeanExporter        : Unregistering JMX-exposed beans on shutdown
2018-07-25 14:17:08.634  INFO 5432 --- [RMI TCP Connection(2)-127.0.0.1] o.s.j.e.a.AnnotationMBeanExporter        : Unregistering JMX-exposed beans
2018-07-25 14:17:08.645  INFO 5432 --- [RMI TCP Connection(2)-127.0.0.1] j.LocalContainerEntityManagerFactoryBean : Closing JPA EntityManagerFactory for persistence unit 'default'
2018-07-25 14:17:08.648  INFO 5432 --- [RMI TCP Connection(2)-127.0.0.1] com.zaxxer.hikari.HikariDataSource       : HikariPool-1 - Shutdown initiated...
2018-07-25 14:17:08.686  INFO 5432 --- [RMI TCP Connection(2)-127.0.0.1] com.zaxxer.hikari.HikariDataSource       : HikariPool-1 - Shutdown completed.
